<?xml version="1.0" encoding="UTF-8"?>
<!-- Generated by org.testng.reporters.JUnitReportReporter -->
<testsuite skipped="0" hostname="DESKTOP-ONH3S9L" name="testCases.TC001_LoginLogOut" tests="2" failures="0" timestamp="23 Nov 2020 01:35:08 GMT" time="27.440" errors="0">
  <testcase name="loginLogOut" time="11.829" classname="testCases.TC001_LoginLogOut"/>
  <testcase name="loginLogOut" time="15.611" classname="testCases.TC001_LoginLogOut"/>
</testsuite> <!-- testCases.TC001_LoginLogOut -->
