<?xml version="1.0" encoding="UTF-8"?>
<!-- Generated by org.testng.reporters.JUnitReportReporter -->
<testsuite skipped="0" hostname="DESKTOP-ONH3S9L" name="testCases.TC003_EditLead" tests="1" failures="0" timestamp="22 Nov 2020 05:21:45 GMT" time="33.543" errors="0">
  <testcase name="editLead" time="33.543" classname="testCases.TC003_EditLead"/>
</testsuite> <!-- testCases.TC003_EditLead -->
