<?xml version="1.0" encoding="UTF-8"?>
<!-- Generated by org.testng.reporters.JUnitReportReporter -->
<testsuite skipped="0" hostname="DESKTOP-ONH3S9L" name="testCases.TC002_CreateLead" tests="1" failures="0" timestamp="22 Nov 2020 04:53:15 GMT" time="34.409" errors="0">
  <testcase name="createLead" time="34.409" classname="testCases.TC002_CreateLead"/>
</testsuite> <!-- testCases.TC002_CreateLead -->
