<?xml version="1.0" encoding="UTF-8"?>
<!-- Generated by org.testng.reporters.JUnitReportReporter -->
<testsuite skipped="1" hostname="DESKTOP-ONH3S9L" name="testCases.TC004_DeleteLead" tests="1" failures="0" timestamp="28 Aug 2020 01:43:24 GMT" time="0.000" errors="0">
  <testcase name="deleteLead" time="0.000" classname="testCases.TC004_DeleteLead">
    <skipped/>
  </testcase> <!-- deleteLead -->
</testsuite> <!-- testCases.TC004_DeleteLead -->
